<?xml version="1.0" encoding="utf-8"?><testsuites name="pytest tests"><testsuite name="pytest" errors="0" failures="0" skipped="0" tests="31" time="3.589" timestamp="2026-08-20T17:46:49.177524+00:00" hostname="agent-env-f83de1bd-c5cb-4ed3-b4fc-98c53fa2673e"><testcase classname="tests.test_it3_fixes.TestValidation" name="test_estimate_rejects_non_positive[weight_kg--5]" time="0.903" /><testcase classname="tests.test_it3_fixes.TestValidation" name="test_estimate_rejects_non_positive[weight_kg-0]" time="0.071" /><testcase classname="tests.test_it3_fixes.TestValidation" name="test_estimate_rejects_non_positive[size--1]" time="0.064" /><testcase classname="tests.test_it3_fixes.TestValidation" name="test_estimate_rejects_non_positive[size-0]" time="0.068" /><testcase classname="tests.test_it3_fixes.TestValidation" name="test_estimate_rejects_non_positive[power_kw--10]" time="0.078" /><testcase classname="tests.test_it3_fixes.TestValidation" name="test_estimate_rejects_non_positive[power_kw-0]" time="0.072" /><testcase classname="tests.test_it3_fixes.TestValidation" name="test_estimate_rejects_non_positive[quantity-0]" time="0.095" /><testcase classname="tests.test_it3_fixes.TestMissingTargetPressure" name="test_estimate_available" time="1.328" /><testcase classname="tests.test_it3_fixes.TestMissingTargetPressure" name="test_no_pressure_exclusions" time="0.000" /><testcase classname="tests.test_it3_fixes.TestMissingTargetPressure" name="test_global_warning" time="0.000" /><testcase classname="tests.test_it3_fixes.TestMissingTargetPressure" name="test_reference_pressure_status_and_factor" time="0.000" /><testcase classname="tests.test_it3_fixes.TestFailureShape" name="test_unknown_category_shape" time="0.073" /><testcase classname="tests.test_it3_fixes.TestValidation" name="test_estimate_rejects_non_positive[quantity--2]" time="0.078" /><testcase classname="tests.test_it3_fixes.TestFailureShape" name="test_no_scaling_variable_shape" time="0.097" /><testcase classname="tests.test_it3_fixes.TestFailureShape" name="test_all_refs_excluded_shape" time="0.099" /><testcase classname="tests.test_it3_fixes.TestValidation" name="test_row_rejects_non_positive[weight_kg--5]" time="0.240" /><testcase classname="tests.test_it3_fixes.TestMath" name="test_material_factor_ss316_vs_cs" time="0.242" /><testcase classname="tests.test_it3_fixes.TestValidation" name="test_row_rejects_non_positive[size-0]" time="0.115" /><testcase classname="tests.test_it3_fixes.TestValidation" name="test_row_rejects_non_positive[quantity-0]" time="0.111" /><testcase classname="tests.test_it3_fixes.TestMath" name="test_pressure_factor_formula" time="0.402" /><testcase classname="tests.test_it3_fixes.TestValidation" name="test_historical_rejects_non_positive" time="0.082" /><testcase classname="tests.test_it3_fixes.TestMetaAndAdmin" name="test_categories_vessel_meta" time="0.071" /><testcase classname="tests.test_it3_fixes.TestMetaAndAdmin" name="test_indices_source_fred" time="0.074" /><testcase classname="tests.test_it3_fixes.TestMetaAndAdmin" name="test_similarity_weights_must_sum_to_one" time="0.261" /><testcase classname="tests.test_it3_fixes.TestMath" name="test_weight_normalization" time="0.076" /><testcase classname="tests.test_it3_fixes.TestFallbackPath" name="test_column_size_only_estimate_available" time="0.083" /><testcase classname="tests.test_it3_fixes.TestVessel" name="test_vessel_estimate" time="0.064" /><testcase classname="tests.test_it3_fixes.TestFallbackPath" name="test_no_duplicate_warnings" time="0.520" /><testcase classname="tests.test_it3_fixes.TestVessel" name="test_vessel_refs_exist" time="0.065" /><testcase classname="tests.test_it3_fixes.TestRowSanitization" name="test_valve_power_kw_sanitized" time="0.157" /><testcase classname="tests.test_it3_fixes.TestDummyProject" name="test_recompute_and_row_quality" time="0.300" /></testsuite></testsuites>