<?xml version="1.0" encoding="utf-8"?><testsuites name="pytest tests"><testsuite name="pytest" errors="0" failures="0" skipped="0" tests="68" time="6.132" timestamp="2026-08-20T17:47:22.862820+00:00" hostname="agent-env-f83de1bd-c5cb-4ed3-b4fc-98c53fa2673e"><testcase classname="tests.test_it3_fixes.TestValidation" name="test_estimate_rejects_non_positive[weight_kg--5]" time="0.232" /><testcase classname="tests.backend_test.TestRows" name="test_valve_power_sanitized" time="0.300" /><testcase classname="tests.test_it3_fixes.TestValidation" name="test_estimate_rejects_non_positive[weight_kg-0]" time="0.082" /><testcase classname="tests.backend_test.TestRows" name="test_column_with_weight" time="0.088" /><testcase classname="tests.test_it3_fixes.TestValidation" name="test_estimate_rejects_non_positive[size--1]" time="0.126" /><testcase classname="tests.backend_test.TestRows" name="test_column_fallback_row" time="0.089" /><testcase classname="tests.test_it3_fixes.TestValidation" name="test_estimate_rejects_non_positive[size-0]" time="0.076" /><testcase classname="tests.backend_test.TestRows" name="test_update_and_delete_row" time="0.496" /><testcase classname="tests.test_it3_fixes.TestValidation" name="test_estimate_rejects_non_positive[power_kw--10]" time="0.079" /><testcase classname="tests.test_it3_fixes.TestValidation" name="test_estimate_rejects_non_positive[power_kw-0]" time="0.080" /><testcase classname="tests.test_it3_fixes.TestValidation" name="test_estimate_rejects_non_positive[quantity-0]" time="0.079" /><testcase classname="tests.test_it3_fixes.TestValidation" name="test_estimate_rejects_non_positive[quantity--2]" time="0.078" /><testcase classname="tests.test_it3_fixes.TestValidation" name="test_row_rejects_non_positive[weight_kg--5]" time="0.170" /><testcase classname="tests.backend_test.TestRows" name="test_project_rows_fields_and_totals" time="0.119" /><testcase classname="tests.test_it3_fixes.TestValidation" name="test_row_rejects_non_positive[size-0]" time="0.084" /><testcase classname="tests.test_it3_fixes.TestValidation" name="test_row_rejects_non_positive[quantity-0]" time="0.085" /><testcase classname="tests.backend_test.TestRows" name="test_recompute" time="0.145" /><testcase classname="tests.test_it3_fixes.TestValidation" name="test_historical_rejects_non_positive" time="0.167" /><testcase classname="tests.backend_test.TestRows" name="test_row_on_missing_project" time="0.098" /><testcase classname="tests.backend_test.TestEstimateScaling" name="test_column_primary_weight" time="0.098" /><testcase classname="tests.backend_test.TestSimilaritySettings" name="test_get" time="0.083" /><testcase classname="tests.backend_test.TestEstimateScaling" name="test_column_fallback_no_weight" time="0.090" /><testcase classname="tests.backend_test.TestSimilaritySettings" name="test_put_weights_not_summing" time="0.160" /><testcase classname="tests.backend_test.TestEstimateScaling" name="test_pump_power" time="0.094" /><testcase classname="tests.backend_test.TestSimilaritySettings" name="test_put_alpha_non_positive" time="0.084" /><testcase classname="tests.backend_test.TestEstimateScaling" name="test_valve_size_mm" time="0.092" /><testcase classname="tests.backend_test.TestSimilaritySettings" name="test_put_min_similarity_out_of_range" time="0.084" /><testcase classname="tests.backend_test.TestEstimateScaling" name="test_unknown_category" time="0.092" /><testcase classname="tests.backend_test.TestSimilaritySettings" name="test_put_valid_roundtrip" time="0.572" /><testcase classname="tests.backend_test.TestMaterialFactors" name="test_get" time="0.130" /><testcase classname="tests.backend_test.TestMaterialFactors" name="test_put_update_and_restore" time="0.452" /><testcase classname="tests.backend_test.TestSimilaritySettings" name="test_insufficient_similarity_exclusion" time="0.480" /><testcase classname="tests.backend_test.TestMaterialFactors" name="test_put_invalid_factor" time="0.088" /><testcase classname="tests.backend_test.TestMaterialFactors" name="test_put_unknown_material" time="0.087" /><testcase classname="tests.backend_test.TestProjects" name="test_aace_explicit_lifecycle" time="0.517" /><testcase classname="tests.backend_test.TestEstimateMath" name="test_pressure_factor_formula" time="0.192" /><testcase classname="tests.backend_test.TestEstimateMath" name="test_material_factor_formula" time="0.122" /><testcase classname="tests.backend_test.TestProjects" name="test_invalid_aace_rejected" time="0.085" /><testcase classname="tests.backend_test.TestEstimateMath" name="test_weighted_average_and_neff" time="0.098" /><testcase classname="tests.backend_test.TestProjects" name="test_get_missing_project" time="0.129" /><testcase classname="tests.backend_test.TestEstimateMath" name="test_quantity_scaling" time="0.096" /><testcase classname="tests.backend_test.TestProjects" name="test_dummy_project_seeded" time="0.234" /><testcase classname="tests.test_it3_fixes.TestMissingTargetPressure" name="test_estimate_available" time="0.095" /><testcase classname="tests.test_it3_fixes.TestMissingTargetPressure" name="test_no_pressure_exclusions" time="0.000" /><testcase classname="tests.test_it3_fixes.TestMissingTargetPressure" name="test_global_warning" time="0.000" /><testcase classname="tests.test_it3_fixes.TestMissingTargetPressure" name="test_reference_pressure_status_and_factor" time="0.000" /><testcase classname="tests.test_it3_fixes.TestFailureShape" name="test_unknown_category_shape" time="0.092" /><testcase classname="tests.test_it3_fixes.TestFailureShape" name="test_no_scaling_variable_shape" time="0.094" /><testcase classname="tests.backend_test.TestPressureFactors" name="test_get" time="0.123" /><testcase classname="tests.test_it3_fixes.TestFailureShape" name="test_all_refs_excluded_shape" time="0.097" /><testcase classname="tests.backend_test.TestPressureFactors" name="test_put_update_and_restore" time="0.399" /><testcase classname="tests.test_it3_fixes.TestMath" name="test_material_factor_ss316_vs_cs" time="0.450" /><testcase classname="tests.backend_test.TestPressureFactors" name="test_put_negative_exponent" time="0.090" /><testcase classname="tests.test_it3_fixes.TestMetaAndAdmin" name="test_categories_vessel_meta" time="0.095" /><testcase classname="tests.test_it3_fixes.TestMath" name="test_pressure_factor_formula" time="0.507" /><testcase classname="tests.test_it3_fixes.TestMetaAndAdmin" name="test_indices_source_fred" time="0.092" /><testcase classname="tests.test_it3_fixes.TestMetaAndAdmin" name="test_similarity_weights_must_sum_to_one" time="0.309" /><testcase classname="tests.test_it3_fixes.TestFallbackPath" name="test_column_size_only_estimate_available" time="0.096" /><testcase classname="tests.test_it3_fixes.TestMath" name="test_weight_normalization" time="0.104" /><testcase classname="tests.test_it3_fixes.TestFallbackPath" name="test_no_duplicate_warnings" time="0.277" /><testcase classname="tests.backend_test.TestMeta" name="test_root" time="0.102" /><testcase classname="tests.backend_test.TestMeta" name="test_categories" time="0.116" /><testcase classname="tests.backend_test.TestExclusions" name="test_vessel_category_has_references" time="0.098" /><testcase classname="tests.test_it3_fixes.TestVessel" name="test_vessel_estimate" time="0.100" /><testcase classname="tests.backend_test.TestIndices" name="test_indices_fred" time="0.103" /><testcase classname="tests.test_it3_fixes.TestVessel" name="test_vessel_refs_exist" time="0.152" /><testcase classname="tests.test_it3_fixes.TestDummyProject" name="test_recompute_and_row_quality" time="0.507" /><testcase classname="tests.test_it3_fixes.TestRowSanitization" name="test_valve_power_kw_sanitized" time="0.410" /></testsuite></testsuites>