<?xml version="1.0" encoding="utf-8"?><testsuites name="pytest tests"><testsuite name="pytest" errors="0" failures="1" skipped="0" tests="37" time="3.194" timestamp="2026-08-20T17:44:29.618885+00:00" hostname="agent-env-f83de1bd-c5cb-4ed3-b4fc-98c53fa2673e"><testcase classname="tests.backend_test.TestSimilaritySettings" name="test_get" time="0.350" /><testcase classname="tests.backend_test.TestRows" name="test_valve_power_sanitized" time="0.354" /><testcase classname="tests.backend_test.TestRows" name="test_column_with_weight" time="0.070" /><testcase classname="tests.backend_test.TestSimilaritySettings" name="test_put_weights_not_summing" time="0.139" /><testcase classname="tests.backend_test.TestRows" name="test_column_fallback_row" time="0.075" /><testcase classname="tests.backend_test.TestSimilaritySettings" name="test_put_alpha_non_positive" time="0.065" /><testcase classname="tests.backend_test.TestRows" name="test_update_and_delete_row" time="0.410" /><testcase classname="tests.backend_test.TestSimilaritySettings" name="test_put_min_similarity_out_of_range" time="0.106" /><testcase classname="tests.backend_test.TestSimilaritySettings" name="test_put_valid_roundtrip" time="0.314" /><testcase classname="tests.backend_test.TestRows" name="test_project_rows_fields_and_totals" time="0.094" /><testcase classname="tests.backend_test.TestSimilaritySettings" name="test_insufficient_similarity_exclusion" time="0.350" /><testcase classname="tests.backend_test.TestRows" name="test_recompute" time="0.083" /><testcase classname="tests.backend_test.TestRows" name="test_row_on_missing_project" time="0.074" /><testcase classname="tests.backend_test.TestMaterialFactors" name="test_get" time="0.075" /><testcase classname="tests.backend_test.TestMaterialFactors" name="test_put_update_and_restore" time="0.289" /><testcase classname="tests.backend_test.TestEstimateScaling" name="test_column_primary_weight" time="0.079" /><testcase classname="tests.backend_test.TestEstimateScaling" name="test_column_fallback_no_weight" time="0.069"><failure message="AssertionError: expected incompatible-scaling exclusions, got []&#10;assert False&#10; +  where False = any(&lt;generator object TestEstimateScaling.test_column_fallback_no_weight.&lt;locals&gt;.&lt;genexpr&gt; at 0xfe984a7e7060&gt;)">self = &lt;backend_test.TestEstimateScaling object at 0xfe984a819550&gt;
api = &lt;requests.sessions.Session object at 0xfe984a7d7450&gt;
base_url = 'https://aace-calculator.preview.emergentagent.com/api'

    def test_column_fallback_no_weight(self, api, base_url):
        r = api.post(f"{base_url}/estimate", json={
            "category": "column", "size": 50, "material": "stainless_steel_316",
            "design_pressure_bar": 10, "target_year": 2026, "output_currency": "EUR",
        }, timeout=60)
        assert r.status_code == 200, r.text
        d = r.json()
        # both seeded column refs have weight_kg -&gt; incompatible scaling variable
        excl = d.get("references_excluded") or d.get("excluded_references") or []
&gt;       assert any("incompatible scaling variable" in (e.get("exclusion_reason") or "") for e in excl), \
            f"expected incompatible-scaling exclusions, got {excl}"
E       AssertionError: expected incompatible-scaling exclusions, got []
E       assert False
E        +  where False = any(&lt;generator object TestEstimateScaling.test_column_fallback_no_weight.&lt;locals&gt;.&lt;genexpr&gt; at 0xfe984a7e7060&gt;)

tests/backend_test.py:228: AssertionError</failure></testcase><testcase classname="tests.backend_test.TestEstimateScaling" name="test_pump_power" time="0.064" /><testcase classname="tests.backend_test.TestMaterialFactors" name="test_put_invalid_factor" time="0.054" /><testcase classname="tests.backend_test.TestEstimateScaling" name="test_valve_size_mm" time="0.065" /><testcase classname="tests.backend_test.TestMaterialFactors" name="test_put_unknown_material" time="0.065" /><testcase classname="tests.backend_test.TestEstimateScaling" name="test_unknown_category" time="0.062" /><testcase classname="tests.backend_test.TestProjects" name="test_aace_explicit_lifecycle" time="0.414" /><testcase classname="tests.backend_test.TestEstimateMath" name="test_pressure_factor_formula" time="0.176" /><testcase classname="tests.backend_test.TestEstimateMath" name="test_material_factor_formula" time="0.063" /><testcase classname="tests.backend_test.TestEstimateMath" name="test_weighted_average_and_neff" time="0.075" /><testcase classname="tests.backend_test.TestEstimateMath" name="test_quantity_scaling" time="0.084" /><testcase classname="tests.backend_test.TestPressureFactors" name="test_get" time="0.083" /><testcase classname="tests.backend_test.TestProjects" name="test_invalid_aace_rejected" time="0.061" /><testcase classname="tests.backend_test.TestPressureFactors" name="test_put_update_and_restore" time="0.362" /><testcase classname="tests.backend_test.TestProjects" name="test_get_missing_project" time="0.113" /><testcase classname="tests.backend_test.TestProjects" name="test_dummy_project_seeded" time="0.151" /><testcase classname="tests.backend_test.TestExclusions" name="test_no_references_for_category" time="0.063" /><testcase classname="tests.backend_test.TestPressureFactors" name="test_put_negative_exponent" time="0.112" /><testcase classname="tests.backend_test.TestIndices" name="test_indices_fred" time="0.124" /><testcase classname="tests.backend_test.TestMeta" name="test_root" time="0.079" /><testcase classname="tests.backend_test.TestMeta" name="test_categories" time="0.141" /></testsuite></testsuites>