<?xml version="1.0" encoding="utf-8"?><testsuites name="pytest tests"><testsuite name="pytest" errors="0" failures="0" skipped="0" tests="37" time="4.153" timestamp="2026-08-20T17:38:39.352138+00:00" hostname="agent-env-f83de1bd-c5cb-4ed3-b4fc-98c53fa2673e"><testcase classname="tests.backend_test.TestSimilaritySettings" name="test_get" time="0.669" /><testcase classname="tests.backend_test.TestRows" name="test_valve_power_sanitized" time="1.187" /><testcase classname="tests.backend_test.TestSimilaritySettings" name="test_put_weights_not_summing" time="0.277" /><testcase classname="tests.backend_test.TestSimilaritySettings" name="test_put_alpha_non_positive" time="0.079" /><testcase classname="tests.backend_test.TestSimilaritySettings" name="test_put_min_similarity_out_of_range" time="0.094" /><testcase classname="tests.backend_test.TestSimilaritySettings" name="test_put_valid_roundtrip" time="0.381" /><testcase classname="tests.backend_test.TestRows" name="test_column_with_weight" time="0.108" /><testcase classname="tests.backend_test.TestRows" name="test_column_fallback_row" time="0.074" /><testcase classname="tests.backend_test.TestRows" name="test_update_and_delete_row" time="0.325" /><testcase classname="tests.backend_test.TestSimilaritySettings" name="test_insufficient_similarity_exclusion" time="0.358" /><testcase classname="tests.backend_test.TestRows" name="test_project_rows_fields_and_totals" time="0.143" /><testcase classname="tests.backend_test.TestRows" name="test_recompute" time="0.092" /><testcase classname="tests.backend_test.TestEstimateScaling" name="test_column_primary_weight" time="0.080" /><testcase classname="tests.backend_test.TestRows" name="test_row_on_missing_project" time="0.098" /><testcase classname="tests.backend_test.TestEstimateScaling" name="test_column_fallback_no_weight" time="0.178" /><testcase classname="tests.backend_test.TestMaterialFactors" name="test_get" time="0.076" /><testcase classname="tests.backend_test.TestMaterialFactors" name="test_put_update_and_restore" time="0.444" /><testcase classname="tests.backend_test.TestEstimateScaling" name="test_pump_power" time="0.070" /><testcase classname="tests.backend_test.TestEstimateScaling" name="test_valve_size_mm" time="0.077" /><testcase classname="tests.backend_test.TestEstimateScaling" name="test_unknown_category" time="0.085" /><testcase classname="tests.backend_test.TestEstimateMath" name="test_pressure_factor_formula" time="0.168" /><testcase classname="tests.backend_test.TestEstimateMath" name="test_material_factor_formula" time="0.110" /><testcase classname="tests.backend_test.TestMaterialFactors" name="test_put_invalid_factor" time="0.077" /><testcase classname="tests.backend_test.TestMaterialFactors" name="test_put_unknown_material" time="0.122" /><testcase classname="tests.backend_test.TestEstimateMath" name="test_weighted_average_and_neff" time="0.081" /><testcase classname="tests.backend_test.TestEstimateMath" name="test_quantity_scaling" time="0.082" /><testcase classname="tests.backend_test.TestProjects" name="test_aace_explicit_lifecycle" time="0.444" /><testcase classname="tests.backend_test.TestPressureFactors" name="test_get" time="0.100" /><testcase classname="tests.backend_test.TestPressureFactors" name="test_put_update_and_restore" time="0.346" /><testcase classname="tests.backend_test.TestProjects" name="test_invalid_aace_rejected" time="0.073" /><testcase classname="tests.backend_test.TestPressureFactors" name="test_put_negative_exponent" time="0.068" /><testcase classname="tests.backend_test.TestProjects" name="test_get_missing_project" time="0.083" /><testcase classname="tests.backend_test.TestMeta" name="test_root" time="0.109" /><testcase classname="tests.backend_test.TestProjects" name="test_dummy_project_seeded" time="0.189" /><testcase classname="tests.backend_test.TestMeta" name="test_categories" time="0.082" /><testcase classname="tests.backend_test.TestIndices" name="test_indices_fred" time="0.162" /><testcase classname="tests.backend_test.TestExclusions" name="test_no_references_for_category" time="0.155" /></testsuite></testsuites>