<?xml version="1.0" encoding="utf-8"?><testsuites name="pytest tests"><testsuite name="pytest" errors="0" failures="3" skipped="2" tests="52" time="17.912" timestamp="2026-08-20T18:47:05.781631+00:00" hostname="agent-env-f83de1bd-c5cb-4ed3-b4fc-98c53fa2673e"><testcase classname="" name="tests.backend_test" time="0.000"><skipped message="collection skipped">('/app/backend/tests/backend_test.py', 11, 'Skipped: v2 suite superseded by tests/test_v3.py (weighted_similarity_v3)')</skipped></testcase><testcase classname="" name="tests.test_it3_fixes" time="0.000"><skipped message="collection skipped">('/app/backend/tests/test_it3_fixes.py', 11, 'Skipped: v2 suite superseded by tests/test_v3.py (weighted_similarity_v3)')</skipped></testcase><testcase classname="tests.test_v3.TestMeta" name="test_root" time="0.823" /><testcase classname="tests.test_v3.TestMeta" name="test_categories_subtypes_and_confidence" time="0.078" /><testcase classname="tests.test_v3.TestAdminSettingsIntegrity" name="test_stored_weights_sum_to_one" time="0.088" /><testcase classname="tests.test_v3.TestAdminSettingsIntegrity" name="test_removed_v2_keys_absent" time="0.072"><failure message="AssertionError: removed v2 keys still returned by GET: ['w_subtype', 'subtype_mismatch']&#10;assert not ['w_subtype', 'subtype_mismatch']">E   AssertionError: removed v2 keys still returned by GET: ['w_subtype', 'subtype_mismatch']
    assert not ['w_subtype', 'subtype_mismatch']</failure></testcase><testcase classname="tests.test_v3.TestAdminSettingsIntegrity" name="test_get_put_roundtrip" time="0.162" /><testcase classname="tests.test_v3.TestSubtypeValidation" name="test_legacy_subtype_rejected" time="0.160"><failure message="AssertionError: legacy subtype 'Distillation tray' should be rejected with 400, got 200 body={&quot;id&quot;:&quot;f6f6a9bc-60ae-4b6c-bdd1-946d32aa36ea&quot;,&quot;category&quot;:&quot;column&quot;,&quot;subtype&quot;:&quot;Tray&quot;,&quot;size&quot;:40.0,&quot;size_unit&quot;:&quot;m3&quot;,&quot;weight_kg&quot;:null,&quot;material&quot;:&quot;carbon_steel&quot;,&quot;design_pressure_bar&quot;:null,&quot;design_temperature&#10;assert 200 == 400&#10; +  where 200 = &lt;Response [200]&gt;.status_code">E   AssertionError: legacy subtype 'Distillation tray' should be rejected with 400, got 200 body={"id":"f6f6a9bc-60ae-4b6c-bdd1-946d32aa36ea","category":"column","subtype":"Tray","size":40.0,"size_unit":"m3","weight_kg":null,"material":"carbon_steel","design_pressure_bar":null,"design_temperature
    assert 200 == 400
     +  where 200 = &lt;Response [200]&gt;.status_code</failure></testcase><testcase classname="tests.test_v3.TestSubtypeValidation" name="test_missing_subtype_rejected" time="0.078" /><testcase classname="tests.test_v3.TestSubtypeValidation" name="test_canonical_subtype_accepted" time="0.335" /><testcase classname="tests.test_v3.TestSubtypeValidation" name="test_pump_ref_with_flow_and_head" time="0.155" /><testcase classname="tests.test_v3.TestSubtypeValidation" name="test_pump_efficiency_bounds" time="0.089" /><testcase classname="tests.test_v3.TestSubtypeValidation" name="test_migrate_subtypes" time="0.080" /><testcase classname="tests.test_v3.TestRigidFilter" name="test_subtype_isolation" time="0.452" /><testcase classname="tests.test_v3.TestRigidFilter" name="test_no_references_for_combo" time="0.095" /><testcase classname="tests.test_v3.TestRigidFilter" name="test_unavailable_payload_shape" time="0.086" /><testcase classname="tests.test_v3.TestWeightedStats" name="test_single_reference_no_range" time="0.252" /><testcase classname="tests.test_v3.TestWeightedStats" name="test_two_references_unbiased_sigma" time="0.546" /><testcase classname="tests.test_v3.TestWeightedStats" name="test_three_references_numeric" time="0.559" /><testcase classname="tests.test_v3.TestWeightedStats" name="test_low_clamped_at_zero" time="0.383" /><testcase classname="tests.test_v3.TestWeightedStats" name="test_calculation_report_shape" time="0.562" /><testcase classname="tests.test_v3.TestIQR" name="test_outlier_removed_and_weights_renormalized" time="0.890" /><testcase classname="tests.test_v3.TestIQR" name="test_iqr_multiplier_configurable" time="0.999" /><testcase classname="tests.test_v3.TestIQR" name="test_iqr_minimum_references_configurable" time="0.701" /><testcase classname="tests.test_v3.TestManualReferences" name="test_manual_reference_wrong_subtype_excluded" time="0.154" /><testcase classname="tests.test_v3.TestManualReferences" name="test_manual_reference_only_wrong_subtype" time="0.160" /><testcase classname="tests.test_v3.TestConfidenceLevel" name="test_z_switching" time="1.345" /><testcase classname="tests.test_v3.TestConfidenceLevel" name="test_arbitrary_z_ignored" time="0.309" /><testcase classname="tests.test_v3.TestConfidenceLevel" name="test_invalid_confidence_level_rejected" time="0.078" /><testcase classname="tests.test_v3.TestPump" name="test_missing_flow_rejected" time="0.078"><failure message="AssertionError: ['target primary variable (flow_rate_m3_h) unavailable']&#10;assert 'pump target flow_rate_m3_h is required' in ['target primary variable (flow_rate_m3_h) unavailable']">E   AssertionError: ['target primary variable (flow_rate_m3_h) unavailable']
    assert 'pump target flow_rate_m3_h is required' in ['target primary variable (flow_rate_m3_h) unavailable']</failure></testcase><testcase classname="tests.test_v3.TestPump" name="test_missing_head_rejected" time="0.079" /><testcase classname="tests.test_v3.TestPump" name="test_multivariate_breakdown" time="0.086" /><testcase classname="tests.test_v3.TestPump" name="test_reference_without_power" time="0.237" /><testcase classname="tests.test_v3.TestPump" name="test_no_power_anywhere" time="0.092" /><testcase classname="tests.test_v3.TestPump" name="test_pump_similarity_composition" time="0.087" /><testcase classname="tests.test_v3.TestPump" name="test_pump_configs_admin" time="0.374" /><testcase classname="tests.test_v3.TestPump" name="test_invalid_pump_subtype_config" time="0.070" /><testcase classname="tests.test_v3.TestBurner" name="test_burner_estimate" time="0.074" /><testcase classname="tests.test_v3.TestBurner" name="test_burner_invalid_subtype" time="0.072" /><testcase classname="tests.test_v3.TestRows" name="test_add_pump_row" time="0.224" /><testcase classname="tests.test_v3.TestRows" name="test_invalid_row_subtype" time="0.074" /><testcase classname="tests.test_v3.TestRows" name="test_burner_row" time="0.173" /><testcase classname="tests.test_v3.TestRows" name="test_row_update_and_delete" time="0.520" /><testcase classname="tests.test_v3.TestRows" name="test_project_totals_keys" time="0.219" /><testcase classname="tests.test_v3.TestRows" name="test_recompute" time="0.256" /><testcase classname="tests.test_v3.TestProjectAggregation" name="test_rho_quantity_one" time="1.001" /><testcase classname="tests.test_v3.TestProjectAggregation" name="test_rho_quantity_zero" time="1.181" /><testcase classname="tests.test_v3.TestProjectAggregation" name="test_rho_between_rows" time="1.256" /><testcase classname="tests.test_v3.TestProjectAggregation" name="test_row_without_sigma_warning" time="0.474" /><testcase classname="tests.test_v3.TestAACEMetadata" name="test_aace_does_not_affect_range" time="1.101" /><testcase classname="tests.test_v3.TestSeededData" name="test_dummy_project_rows" time="0.191" /><testcase classname="tests.test_v3.TestSeededData" name="test_no_leftover_test_refs" time="0.165" /></testsuite></testsuites>